[debug] [2021-09-15T18:41:17.351Z] ----------------------------------------------------------------------
[debug] [2021-09-15T18:41:17.353Z] Command:       C:\Program Files\nodejs\node.exe C:\Users\Yassi\AppData\Roaming\npm\node_modules\firebase-tools\lib\bin\firebase.js emulators:start
[debug] [2021-09-15T18:41:17.353Z] CLI Version:   9.17.0
[debug] [2021-09-15T18:41:17.353Z] Platform:      win32
[debug] [2021-09-15T18:41:17.353Z] Node Version:  v14.15.0
[debug] [2021-09-15T18:41:17.354Z] Time:          Wed Sep 15 2021 20:41:17 GMT+0200 (Central European Summer Time)
[debug] [2021-09-15T18:41:17.354Z] ----------------------------------------------------------------------
[debug] 
[debug] [2021-09-15T18:41:17.357Z] >>> [apiv2][query] GET https://firebase-public.firebaseio.com/cli.json [none]
[debug] [2021-09-15T18:41:17.422Z] > command requires scopes: ["email","openid","https://www.googleapis.com/auth/cloudplatformprojects.readonly","https://www.googleapis.com/auth/firebase","https://www.googleapis.com/auth/cloud-platform"]
[debug] [2021-09-15T18:41:17.423Z] > authorizing via signed-in user (yassinbenallal.nl@gmail.com)
[info] i  emulators: Starting emulators: functions, firestore, database, hosting {"metadata":{"emulator":{"name":"hub"},"message":"Starting emulators: functions, firestore, database, hosting"}}
[warn] !  emulators: It seems that you are running multiple instances of the emulator suite for project lucid-dev-e1bfa. This may result in unexpected behavior. 
[debug] [2021-09-15T18:41:17.441Z] [hub] writing locator at C:\Users\Yassi\AppData\Local\Temp\hub-lucid-dev-e1bfa.json
[warn] !  functions: The following emulators are not running, calls to these services from the Functions emulator will affect production: auth, pubsub, storage {"metadata":{"emulator":{"name":"functions"},"message":"The following emulators are not running, calls to these services from the Functions emulator will affect production: \u001b[1mauth, pubsub, storage\u001b[22m"}}
[info] +  functions: Using node@14 from host. {"metadata":{"emulator":{"name":"functions"},"message":"Using node@14 from host."}}
[debug] [2021-09-15T18:41:17.461Z] defaultcredentials: writing to file C:\Users\Yassi\AppData\Roaming\firebase\yassinbenallal_nl_gmail.com_application_default_credentials.json
[debug] [2021-09-15T18:41:17.463Z] Setting GAC to C:\Users\Yassi\AppData\Roaming\firebase\yassinbenallal_nl_gmail.com_application_default_credentials.json {"metadata":{"emulator":{"name":"functions"},"message":"Setting GAC to C:\\Users\\Yassi\\AppData\\Roaming\\firebase\\yassinbenallal_nl_gmail.com_application_default_credentials.json"}}
[debug] [2021-09-15T18:41:17.465Z] > refreshing access token with scopes: []
[debug] [2021-09-15T18:41:17.466Z] >>> HTTP REQUEST POST https://www.googleapis.com/oauth2/v3/token  
 <request body omitted>
[debug] [2021-09-15T18:41:17.525Z] <<< HTTP RESPONSE 200 {"cache-control":"no-cache, no-store, max-age=0, must-revalidate","date":"Wed, 15 Sep 2021 18:41:18 GMT","pragma":"no-cache","expires":"Mon, 01 Jan 1990 00:00:00 GMT","content-type":"application/json; charset=utf-8","vary":"X-Origin, Referer, Origin,Accept-Encoding","server":"scaffolding on HTTPServer2","x-xss-protection":"0","x-frame-options":"SAMEORIGIN","x-content-type-options":"nosniff","alt-svc":"h3=\":443\"; ma=2592000,h3-29=\":443\"; ma=2592000,h3-T051=\":443\"; ma=2592000,h3-Q050=\":443\"; ma=2592000,h3-Q046=\":443\"; ma=2592000,h3-Q043=\":443\"; ma=2592000,quic=\":443\"; ma=2592000; v=\"46,43\"","accept-ranges":"none","transfer-encoding":"chunked"}
[debug] [2021-09-15T18:41:17.532Z] >>> [apiv2][query] GET https://firebase.googleapis.com/v1beta1/projects/lucid-dev-e1bfa/adminSdkConfig [none]
[debug] [2021-09-15T18:41:17.781Z] <<< [apiv2][status] GET https://firebase-public.firebaseio.com/cli.json 200
[debug] [2021-09-15T18:41:17.782Z] <<< [apiv2][body] GET https://firebase-public.firebaseio.com/cli.json {"cloudBuildErrorAfter":1594252800000,"cloudBuildWarnAfter":1590019200000,"defaultNode10After":1594252800000,"minVersion":"3.0.5","node8DeploysDisabledAfter":1613390400000,"node8RuntimeDisabledAfter":1615809600000,"node8WarnAfter":1600128000000}
[debug] [2021-09-15T18:41:17.834Z] <<< [apiv2][status] GET https://firebase.googleapis.com/v1beta1/projects/lucid-dev-e1bfa/adminSdkConfig 200
[debug] [2021-09-15T18:41:17.835Z] <<< [apiv2][body] GET https://firebase.googleapis.com/v1beta1/projects/lucid-dev-e1bfa/adminSdkConfig {"projectId":"lucid-dev-e1bfa","databaseURL":"https://lucid-dev-e1bfa-default-rtdb.europe-west1.firebasedatabase.app","storageBucket":"lucid-dev-e1bfa.appspot.com","locationId":"europe-west"}
[debug] [2021-09-15T18:41:17.855Z] Ignoring unsupported arg: projectId {"metadata":{"emulator":{"name":"firestore"},"message":"Ignoring unsupported arg: projectId"}}
[debug] [2021-09-15T18:41:17.855Z] Ignoring unsupported arg: auto_download {"metadata":{"emulator":{"name":"firestore"},"message":"Ignoring unsupported arg: auto_download"}}
[debug] [2021-09-15T18:41:17.856Z] Starting Firestore Emulator with command {"binary":"java","args":["-Dgoogle.cloud_firestore.debug_log_level=FINE","-Duser.language=en","-jar","C:\\Users\\Yassi\\.cache\\firebase\\emulators\\cloud-firestore-emulator-v1.13.1.jar","--host","localhost","--port",8080,"--rules","C:\\Users\\Yassi\\react\\Lucid\\firestore.rules","--functions_emulator","localhost:5001"],"optionalArgs":["port","webchannel_port","host","rules","functions_emulator","seed_from_export"],"joinArgs":false} {"metadata":{"emulator":{"name":"firestore"},"message":"Starting Firestore Emulator with command {\"binary\":\"java\",\"args\":[\"-Dgoogle.cloud_firestore.debug_log_level=FINE\",\"-Duser.language=en\",\"-jar\",\"C:\\\\Users\\\\Yassi\\\\.cache\\\\firebase\\\\emulators\\\\cloud-firestore-emulator-v1.13.1.jar\",\"--host\",\"localhost\",\"--port\",8080,\"--rules\",\"C:\\\\Users\\\\Yassi\\\\react\\\\Lucid\\\\firestore.rules\",\"--functions_emulator\",\"localhost:5001\"],\"optionalArgs\":[\"port\",\"webchannel_port\",\"host\",\"rules\",\"functions_emulator\",\"seed_from_export\"],\"joinArgs\":false}"}}
[info] i  firestore: Firestore Emulator logging to firestore-debug.log {"metadata":{"emulator":{"name":"firestore"},"message":"Firestore Emulator logging to \u001b[1mfirestore-debug.log\u001b[22m"}}
[debug] [2021-09-15T18:41:19.777Z] Sep 15, 2021 8:41:19 PM com.google.cloud.datastore.emulator.firestore.websocket.WebSocketServer start
INFO: Started WebSocket server on ws://localhost:64047
 {"metadata":{"emulator":{"name":"firestore"},"message":"Sep 15, 2021 8:41:19 PM com.google.cloud.datastore.emulator.firestore.websocket.WebSocketServer start\r\nINFO: Started WebSocket server on ws://localhost:64047\r\n"}}
[debug] [2021-09-15T18:41:19.805Z] API endpoint: http://localhost:8080
If you are using a library that supports the FIRESTORE_EMULATOR_HOST environment variable, run:
 {"metadata":{"emulator":{"name":"firestore"},"message":"API endpoint: http://localhost:8080\nIf you are using a library that supports the FIRESTORE_EMULATOR_HOST environment variable, run:\r\n"}}
[debug] [2021-09-15T18:41:19.805Z] 
   export FIRESTORE_EMULATOR_HOST=localhost:8080

Dev App Server is now running.

 {"metadata":{"emulator":{"name":"firestore"},"message":"\n   export FIRESTORE_EMULATOR_HOST=localhost:8080\n\nDev App Server is now running.\n\r\n"}}
[debug] [2021-09-15T18:41:19.901Z] >>> [apiv2][query] GET https://firebase.googleapis.com/v1beta1/projects/lucid-dev-e1bfa [none]
[debug] [2021-09-15T18:41:20.144Z] <<< [apiv2][status] GET https://firebase.googleapis.com/v1beta1/projects/lucid-dev-e1bfa 200
[debug] [2021-09-15T18:41:20.144Z] <<< [apiv2][body] GET https://firebase.googleapis.com/v1beta1/projects/lucid-dev-e1bfa {"projectId":"lucid-dev-e1bfa","projectNumber":"149791946182","displayName":"Lucid-dev","name":"projects/lucid-dev-e1bfa","resources":{"hostingSite":"lucid-dev-e1bfa","realtimeDatabaseInstance":"lucid-dev-e1bfa-default-rtdb","storageBucket":"lucid-dev-e1bfa.appspot.com","locationId":"europe-west"},"state":"ACTIVE"}
[debug] [2021-09-15T18:41:20.144Z] database rules config:  [{"instance":"lucid-dev-e1bfa-default-rtdb","rules":"C:\\Users\\Yassi\\react\\Lucid\\database.rules.json"}]
[debug] [2021-09-15T18:41:20.146Z] Ignoring unsupported arg: projectId {"metadata":{"emulator":{"name":"database"},"message":"Ignoring unsupported arg: projectId"}}
[debug] [2021-09-15T18:41:20.146Z] Ignoring unsupported arg: auto_download {"metadata":{"emulator":{"name":"database"},"message":"Ignoring unsupported arg: auto_download"}}
[debug] [2021-09-15T18:41:20.146Z] Ignoring unsupported arg: rules {"metadata":{"emulator":{"name":"database"},"message":"Ignoring unsupported arg: rules"}}
[debug] [2021-09-15T18:41:20.146Z] Starting Database Emulator with command {"binary":"java","args":["-Duser.language=en","-jar","C:\\Users\\Yassi\\.cache\\firebase\\emulators\\firebase-database-emulator-v4.7.2.jar","--host","localhost","--port",9000,"--functions_emulator_host","localhost","--functions_emulator_port",5001],"optionalArgs":["port","host","functions_emulator_port","functions_emulator_host"],"joinArgs":false} {"metadata":{"emulator":{"name":"database"},"message":"Starting Database Emulator with command {\"binary\":\"java\",\"args\":[\"-Duser.language=en\",\"-jar\",\"C:\\\\Users\\\\Yassi\\\\.cache\\\\firebase\\\\emulators\\\\firebase-database-emulator-v4.7.2.jar\",\"--host\",\"localhost\",\"--port\",9000,\"--functions_emulator_host\",\"localhost\",\"--functions_emulator_port\",5001],\"optionalArgs\":[\"port\",\"host\",\"functions_emulator_port\",\"functions_emulator_host\"],\"joinArgs\":false}"}}
[info] i  database: Database Emulator logging to database-debug.log {"metadata":{"emulator":{"name":"database"},"message":"Database Emulator logging to \u001b[1mdatabase-debug.log\u001b[22m"}}
[debug] [2021-09-15T18:41:21.705Z] 20:41:21.704 [NamespaceSystem-akka.actor.default-dispatcher-5] INFO akka.event.slf4j.Slf4jLogger - Slf4jLogger started
 {"metadata":{"emulator":{"name":"database"},"message":"20:41:21.704 [NamespaceSystem-akka.actor.default-dispatcher-5] INFO akka.event.slf4j.Slf4jLogger - Slf4jLogger started\r\n"}}
[debug] [2021-09-15T18:41:21.852Z] 20:41:21.852 [main] INFO com.firebase.server.forge.App$ - Listening at localhost:9000
 {"metadata":{"emulator":{"name":"database"},"message":"20:41:21.852 [main] INFO com.firebase.server.forge.App$ - Listening at localhost:9000\r\n"}}
[debug] [2021-09-15T18:41:22.172Z] >>> [apiv2][query] GET https://firebasehosting.googleapis.com/v1beta1/projects/lucid-dev-e1bfa/sites 
[debug] [2021-09-15T18:41:22.968Z] <<< [apiv2][status] GET https://firebasehosting.googleapis.com/v1beta1/projects/lucid-dev-e1bfa/sites 200
[debug] [2021-09-15T18:41:22.968Z] <<< [apiv2][body] GET https://firebasehosting.googleapis.com/v1beta1/projects/lucid-dev-e1bfa/sites {"sites":[{"name":"projects/149791946182/sites/lucid-dev-e1bfa","defaultUrl":"https://lucid-dev-e1bfa.web.app","type":"DEFAULT_SITE"}]}
[debug] [2021-09-15T18:41:22.968Z] >>> [apiv2][query] GET https://firebase.googleapis.com/v1beta1/projects/lucid-dev-e1bfa/webApps/-/config [none]
[debug] [2021-09-15T18:41:23.546Z] <<< [apiv2][status] GET https://firebase.googleapis.com/v1beta1/projects/lucid-dev-e1bfa/webApps/-/config 200
[debug] [2021-09-15T18:41:23.546Z] <<< [apiv2][body] GET https://firebase.googleapis.com/v1beta1/projects/lucid-dev-e1bfa/webApps/-/config {"projectId":"lucid-dev-e1bfa","databaseURL":"https://lucid-dev-e1bfa-default-rtdb.europe-west1.firebasedatabase.app","storageBucket":"lucid-dev-e1bfa.appspot.com","locationId":"europe-west","apiKey":"AIzaSyBvq25YIrG8gqoJomRsfvIm1HtdfMhNxEQ","authDomain":"lucid-dev-e1bfa.firebaseapp.com","messagingSenderId":"149791946182"}
[info] i  hosting: Serving hosting files from: public {"metadata":{"emulator":{"name":"hosting"},"message":"Serving hosting files from: \u001b[1mpublic\u001b[22m"}}
[info] +  hosting: Local server: http://localhost:5000 {"metadata":{"emulator":{"name":"hosting"},"message":"Local server: \u001b[4m\u001b[1mhttp://localhost:5000\u001b[22m\u001b[24m"}}
[debug] [2021-09-15T18:41:23.603Z] Ignoring unsupported arg: auto_download {"metadata":{"emulator":{"name":"ui"},"message":"Ignoring unsupported arg: auto_download"}}
[debug] [2021-09-15T18:41:23.604Z] Ignoring unsupported arg: port {"metadata":{"emulator":{"name":"ui"},"message":"Ignoring unsupported arg: port"}}
[debug] [2021-09-15T18:41:23.604Z] Starting Emulator UI with command {"binary":"node","args":["C:\\Users\\Yassi\\.cache\\firebase\\emulators\\ui-v1.6.3\\server.bundle.js"],"optionalArgs":[],"joinArgs":false} {"metadata":{"emulator":{"name":"ui"},"message":"Starting Emulator UI with command {\"binary\":\"node\",\"args\":[\"C:\\\\Users\\\\Yassi\\\\.cache\\\\firebase\\\\emulators\\\\ui-v1.6.3\\\\server.bundle.js\"],\"optionalArgs\":[],\"joinArgs\":false}"}}
[info] i  ui: Emulator UI logging to ui-debug.log {"metadata":{"emulator":{"name":"ui"},"message":"Emulator UI logging to \u001b[1mui-debug.log\u001b[22m"}}
[debug] [2021-09-15T18:41:23.703Z] Web / API server started at localhost:4000
 {"metadata":{"emulator":{"name":"ui"},"message":"Web / API server started at localhost:4000\n"}}
[info] i  functions: Watching "C:\Users\Yassi\react\Lucid\functions" for Cloud Functions... {"metadata":{"emulator":{"name":"functions"},"message":"Watching \"C:\\Users\\Yassi\\react\\Lucid\\functions\" for Cloud Functions..."}}
[debug] [2021-09-15T18:41:23.879Z] [worker-pool] addWorker(~diagnostic~) {"metadata":{"emulator":{"name":"functions"},"message":"[worker-pool] addWorker(~diagnostic~)"}}
[debug] [2021-09-15T18:41:23.880Z] [worker-pool] Adding worker with key ~diagnostic~, total=1 {"metadata":{"emulator":{"name":"functions"},"message":"[worker-pool] Adding worker with key ~diagnostic~, total=1"}}
[debug] [2021-09-15T18:41:23.880Z] [worker-pool] submitWork(triggerId=) {"metadata":{"emulator":{"name":"functions"},"message":"[worker-pool] submitWork(triggerId=)"}}
[debug] [2021-09-15T18:41:23.881Z] [worker-~diagnostic~-697679fe-c7e9-4b70-8493-f3b01669adfc]: Assigning socketPath: \\?\pipe\C:\Users\Yassi\react\Lucid\functions\3232 {"metadata":{"emulator":{"name":"functions"},"message":"[worker-~diagnostic~-697679fe-c7e9-4b70-8493-f3b01669adfc]: Assigning socketPath: \\\\?\\pipe\\C:\\Users\\Yassi\\react\\Lucid\\functions\\3232"}}
[debug] [2021-09-15T18:41:23.882Z] [worker-~diagnostic~-697679fe-c7e9-4b70-8493-f3b01669adfc]: BUSY {"metadata":{"emulator":{"name":"functions"},"message":"[worker-~diagnostic~-697679fe-c7e9-4b70-8493-f3b01669adfc]: BUSY"}}
[debug] [2021-09-15T18:41:24.262Z] [runtime-status] [3232] Functions runtime initialized. {"cwd":"C:\\Users\\Yassi\\react\\Lucid\\functions","node_version":"14.15.0"} {"metadata":{"emulator":{"name":"functions"},"message":"[runtime-status] [3232] Functions runtime initialized. {\"cwd\":\"C:\\\\Users\\\\Yassi\\\\react\\\\Lucid\\\\functions\",\"node_version\":\"14.15.0\"}"}}
[debug] [2021-09-15T18:41:24.266Z] [runtime-status] [3232] Disabled runtime features: undefined {"metadata":{"emulator":{"name":"functions"},"message":"[runtime-status] [3232] Disabled runtime features: undefined"}}
[debug] [2021-09-15T18:41:24.272Z] [runtime-status] [3232] Resolved module firebase-admin {"declared":true,"installed":true,"version":"9.11.1","resolution":"C:\\Users\\Yassi\\react\\Lucid\\functions\\node_modules\\firebase-admin\\lib\\index.js"} {"metadata":{"emulator":{"name":"functions"},"message":"[runtime-status] [3232] Resolved module firebase-admin {\"declared\":true,\"installed\":true,\"version\":\"9.11.1\",\"resolution\":\"C:\\\\Users\\\\Yassi\\\\react\\\\Lucid\\\\functions\\\\node_modules\\\\firebase-admin\\\\lib\\\\index.js\"}"}}
[debug] [2021-09-15T18:41:24.276Z] [runtime-status] [3232] Resolved module firebase-functions {"declared":true,"installed":true,"version":"3.15.4","resolution":"C:\\Users\\Yassi\\react\\Lucid\\functions\\node_modules\\firebase-functions\\lib\\index.js"} {"metadata":{"emulator":{"name":"functions"},"message":"[runtime-status] [3232] Resolved module firebase-functions {\"declared\":true,\"installed\":true,\"version\":\"3.15.4\",\"resolution\":\"C:\\\\Users\\\\Yassi\\\\react\\\\Lucid\\\\functions\\\\node_modules\\\\firebase-functions\\\\lib\\\\index.js\"}"}}
[debug] [2021-09-15T18:41:24.280Z] [runtime-status] [3232] Found local functions config: C:\Users\Yassi\react\Lucid\functions/.runtimeconfig.json {"metadata":{"emulator":{"name":"functions"},"message":"[runtime-status] [3232] Found local functions config: C:\\Users\\Yassi\\react\\Lucid\\functions/.runtimeconfig.json"}}
[debug] [2021-09-15T18:41:24.280Z] [runtime-status] [3232] Resolved module firebase-functions {"declared":true,"installed":true,"version":"3.15.4","resolution":"C:\\Users\\Yassi\\react\\Lucid\\functions\\node_modules\\firebase-functions\\lib\\index.js"} {"metadata":{"emulator":{"name":"functions"},"message":"[runtime-status] [3232] Resolved module firebase-functions {\"declared\":true,\"installed\":true,\"version\":\"3.15.4\",\"resolution\":\"C:\\\\Users\\\\Yassi\\\\react\\\\Lucid\\\\functions\\\\node_modules\\\\firebase-functions\\\\lib\\\\index.js\"}"}}
[debug] [2021-09-15T18:41:24.282Z] [runtime-status] [3232] Outgoing network have been stubbed. [{"name":"http","status":"mocked"},{"name":"http","status":"mocked"},{"name":"https","status":"mocked"},{"name":"https","status":"mocked"},{"name":"net","status":"mocked"}] {"metadata":{"emulator":{"name":"functions"},"message":"[runtime-status] [3232] Outgoing network have been stubbed. [{\"name\":\"http\",\"status\":\"mocked\"},{\"name\":\"http\",\"status\":\"mocked\"},{\"name\":\"https\",\"status\":\"mocked\"},{\"name\":\"https\",\"status\":\"mocked\"},{\"name\":\"net\",\"status\":\"mocked\"}]"}}
[debug] [2021-09-15T18:41:24.283Z] [runtime-status] [3232] Resolved module firebase-functions {"declared":true,"installed":true,"version":"3.15.4","resolution":"C:\\Users\\Yassi\\react\\Lucid\\functions\\node_modules\\firebase-functions\\lib\\index.js"} {"metadata":{"emulator":{"name":"functions"},"message":"[runtime-status] [3232] Resolved module firebase-functions {\"declared\":true,\"installed\":true,\"version\":\"3.15.4\",\"resolution\":\"C:\\\\Users\\\\Yassi\\\\react\\\\Lucid\\\\functions\\\\node_modules\\\\firebase-functions\\\\lib\\\\index.js\"}"}}
[debug] [2021-09-15T18:41:24.345Z] [runtime-status] [3232] Checked functions.config() {"config":{"paypal":{"client_secret":"ECFNii87Gr--8gQtZmt9bkXsmhJeunUih8AT2jmtoIa4_rKt0IlzyEkE2O9kQb0SEr2oiePqyvh60VIA","secret_key":"ECFNii87Gr--8gQtZmt9bkXsmhJeunUih8AT2jmtoIa4_rKt0IlzyEkE2O9kQb0SEr2oiePqyvh60VIA","client_id":"AQyiqFMBcwKxHk96I6o0HeZ7sqZfGbMelbdZqVqsqfZab946LTjPU7nXy1GiK6DZBDNDYBqLGMmzasmW"},"paypa":{"client_id":"AQyiqFMBcwKxHk96I6o0HeZ7sqZfGbMelbdZqVqsqfZab946LTjPU7nXy1GiK6DZBDNDYBqLGMmzasmW"}}} {"metadata":{"emulator":{"name":"functions"},"message":"[runtime-status] [3232] Checked functions.config() {\"config\":{\"paypal\":{\"client_secret\":\"ECFNii87Gr--8gQtZmt9bkXsmhJeunUih8AT2jmtoIa4_rKt0IlzyEkE2O9kQb0SEr2oiePqyvh60VIA\",\"secret_key\":\"ECFNii87Gr--8gQtZmt9bkXsmhJeunUih8AT2jmtoIa4_rKt0IlzyEkE2O9kQb0SEr2oiePqyvh60VIA\",\"client_id\":\"AQyiqFMBcwKxHk96I6o0HeZ7sqZfGbMelbdZqVqsqfZab946LTjPU7nXy1GiK6DZBDNDYBqLGMmzasmW\"},\"paypa\":{\"client_id\":\"AQyiqFMBcwKxHk96I6o0HeZ7sqZfGbMelbdZqVqsqfZab946LTjPU7nXy1GiK6DZBDNDYBqLGMmzasmW\"}}}"}}
[debug] [2021-09-15T18:41:24.345Z] [runtime-status] [3232] firebase-functions has been stubbed. {"functionsResolution":{"declared":true,"installed":true,"version":"3.15.4","resolution":"C:\\Users\\Yassi\\react\\Lucid\\functions\\node_modules\\firebase-functions\\lib\\index.js"}} {"metadata":{"emulator":{"name":"functions"},"message":"[runtime-status] [3232] firebase-functions has been stubbed. {\"functionsResolution\":{\"declared\":true,\"installed\":true,\"version\":\"3.15.4\",\"resolution\":\"C:\\\\Users\\\\Yassi\\\\react\\\\Lucid\\\\functions\\\\node_modules\\\\firebase-functions\\\\lib\\\\index.js\"}}"}}
[debug] [2021-09-15T18:41:24.346Z] [runtime-status] [3232] Resolved module firebase-functions {"declared":true,"installed":true,"version":"3.15.4","resolution":"C:\\Users\\Yassi\\react\\Lucid\\functions\\node_modules\\firebase-functions\\lib\\index.js"} {"metadata":{"emulator":{"name":"functions"},"message":"[runtime-status] [3232] Resolved module firebase-functions {\"declared\":true,\"installed\":true,\"version\":\"3.15.4\",\"resolution\":\"C:\\\\Users\\\\Yassi\\\\react\\\\Lucid\\\\functions\\\\node_modules\\\\firebase-functions\\\\lib\\\\index.js\"}"}}
[debug] [2021-09-15T18:41:24.347Z] [runtime-status] [3232] Resolved module firebase-admin {"declared":true,"installed":true,"version":"9.11.1","resolution":"C:\\Users\\Yassi\\react\\Lucid\\functions\\node_modules\\firebase-admin\\lib\\index.js"} {"metadata":{"emulator":{"name":"functions"},"message":"[runtime-status] [3232] Resolved module firebase-admin {\"declared\":true,\"installed\":true,\"version\":\"9.11.1\",\"resolution\":\"C:\\\\Users\\\\Yassi\\\\react\\\\Lucid\\\\functions\\\\node_modules\\\\firebase-admin\\\\lib\\\\index.js\"}"}}
[debug] [2021-09-15T18:41:24.347Z] [runtime-status] [3232] Resolved module firebase-functions {"declared":true,"installed":true,"version":"3.15.4","resolution":"C:\\Users\\Yassi\\react\\Lucid\\functions\\node_modules\\firebase-functions\\lib\\index.js"} {"metadata":{"emulator":{"name":"functions"},"message":"[runtime-status] [3232] Resolved module firebase-functions {\"declared\":true,\"installed\":true,\"version\":\"3.15.4\",\"resolution\":\"C:\\\\Users\\\\Yassi\\\\react\\\\Lucid\\\\functions\\\\node_modules\\\\firebase-functions\\\\lib\\\\index.js\"}"}}
[debug] [2021-09-15T18:41:24.348Z] [runtime-status] [3232] firebase-admin has been stubbed. {"adminResolution":{"declared":true,"installed":true,"version":"9.11.1","resolution":"C:\\Users\\Yassi\\react\\Lucid\\functions\\node_modules\\firebase-admin\\lib\\index.js"}} {"metadata":{"emulator":{"name":"functions"},"message":"[runtime-status] [3232] firebase-admin has been stubbed. {\"adminResolution\":{\"declared\":true,\"installed\":true,\"version\":\"9.11.1\",\"resolution\":\"C:\\\\Users\\\\Yassi\\\\react\\\\Lucid\\\\functions\\\\node_modules\\\\firebase-admin\\\\lib\\\\index.js\"}}"}}
[info] +  functions[us-central1-addPaidClaim]: http function initialized (http://localhost:5001/lucid-dev-e1bfa/us-central1/addPaidClaim). {"metadata":{"emulator":{"name":"functions"},"message":"\u001b[1mhttp\u001b[22m function initialized (http://localhost:5001/lucid-dev-e1bfa/us-central1/addPaidClaim)."}}
[info] +  functions[us-central1-paypalCreateOrder]: http function initialized (http://localhost:5001/lucid-dev-e1bfa/us-central1/paypalCreateOrder). {"metadata":{"emulator":{"name":"functions"},"message":"\u001b[1mhttp\u001b[22m function initialized (http://localhost:5001/lucid-dev-e1bfa/us-central1/paypalCreateOrder)."}}
[info] +  functions[us-central1-paypalHandleOrder]: http function initialized (http://localhost:5001/lucid-dev-e1bfa/us-central1/paypalHandleOrder). {"metadata":{"emulator":{"name":"functions"},"message":"\u001b[1mhttp\u001b[22m function initialized (http://localhost:5001/lucid-dev-e1bfa/us-central1/paypalHandleOrder)."}}
[debug] [2021-09-15T18:41:24.380Z] >>> HTTP REQUEST PUT http://localhost:9000/.settings/rules.json?ns=lucid-dev-e1bfa-default-rtdb  
 {
  "rules": {
    ".read": "now < 1623794400000",  // 2021-6-16
    ".write": "now < 1623794400000",  // 2021-6-16
  }
}
[debug] [2021-09-15T18:41:24.382Z] [worker-~diagnostic~-697679fe-c7e9-4b70-8493-f3b01669adfc]: IDLE {"metadata":{"emulator":{"name":"functions"},"message":"[worker-~diagnostic~-697679fe-c7e9-4b70-8493-f3b01669adfc]: IDLE"}}
[debug] [2021-09-15T18:41:24.876Z] <<< HTTP RESPONSE 200 {"content-length":"15","content-type":"application/json; charset=utf-8","access-control-allow-origin":"*","cache-control":"no-cache","x-firebase-project-id":"lucid-dev-e1bfa-default-rtdb","x-firebase-project-number":"123456789","x-firebase-uuid":"410b1668-a7de-4750-8fec-d047769498bf"}
[info] 
┌─────────────────────────────────────────────────────────────┐
│ ✔  All emulators ready! It is now safe to connect your app. │
│ i  View Emulator UI at http://localhost:4000                │
└─────────────────────────────────────────────────────────────┘

┌───────────┬────────────────┬─────────────────────────────────┐
│ Emulator  │ Host:Port      │ View in Emulator UI             │
├───────────┼────────────────┼─────────────────────────────────┤
│ Functions │ localhost:5001 │ http://localhost:4000/functions │
├───────────┼────────────────┼─────────────────────────────────┤
│ Firestore │ localhost:8080 │ http://localhost:4000/firestore │
├───────────┼────────────────┼─────────────────────────────────┤
│ Database  │ localhost:9000 │ http://localhost:4000/database  │
├───────────┼────────────────┼─────────────────────────────────┤
│ Hosting   │ localhost:5000 │ n/a                             │
└───────────┴────────────────┴─────────────────────────────────┘
  Emulator Hub running at localhost:4400
  Other reserved ports: 4500

Issues? Report them at https://github.com/firebase/firebase-tools/issues and attach the *-debug.log files.
 
[debug] [2021-09-16T08:32:03.427Z] Received signal SIGHUP 1
